{"/home/mith/Documents/vidly/index.js": {"path":"/home/mith/Documents/vidly/index.js","statementMap":{"0":{"start":{"line":1,"column":16},"end":{"line":1,"column":34}},"1":{"start":{"line":2,"column":16},"end":{"line":2,"column":34}},"2":{"start":{"line":3,"column":0},"end":{"line":3,"column":30}},"3":{"start":{"line":4,"column":12},"end":{"line":4,"column":21}},"4":{"start":{"line":5,"column":0},"end":{"line":5,"column":33}},"5":{"start":{"line":6,"column":0},"end":{"line":6,"column":32}},"6":{"start":{"line":7,"column":0},"end":{"line":7,"column":31}},"7":{"start":{"line":8,"column":0},"end":{"line":8,"column":30}},"8":{"start":{"line":9,"column":0},"end":{"line":9,"column":34}},"9":{"start":{"line":11,"column":13},"end":{"line":11,"column":37}},"10":{"start":{"line":12,"column":15},"end":{"line":12,"column":83}},"11":{"start":{"line":12,"column":38},"end":{"line":12,"column":82}},"12":{"start":{"line":14,"column":0},"end":{"line":14,"column":24}}},"fnMap":{"0":{"name":"(anonymous_0)","decl":{"start":{"line":12,"column":32},"end":{"line":12,"column":33}},"loc":{"start":{"line":12,"column":38},"end":{"line":12,"column":82}},"line":12}},"branchMap":{"0":{"loc":{"start":{"line":11,"column":13},"end":{"line":11,"column":37}},"type":"binary-expr","locations":[{"start":{"line":11,"column":13},"end":{"line":11,"column":29}},{"start":{"line":11,"column":33},"end":{"line":11,"column":37}}],"line":11}},"s":{"0":1,"1":1,"2":1,"3":1,"4":1,"5":1,"6":1,"7":1,"8":1,"9":1,"10":1,"11":1,"12":1},"f":{"0":1},"b":{"0":[1,1]},"_coverageSchema":"43e27e138ebf9cfc5966b082cf9a028302ed4184","hash":"59faefd80da2d870ee3d21ad49a5c4b6fc5731ef"}
,"/home/mith/Documents/vidly/middleware/admin.js": {"path":"/home/mith/Documents/vidly/middleware/admin.js","statementMap":{"0":{"start":{"line":3,"column":0},"end":{"line":8,"column":1}},"1":{"start":{"line":4,"column":18},"end":{"line":4,"column":34}},"2":{"start":{"line":5,"column":4},"end":{"line":5,"column":54}},"3":{"start":{"line":5,"column":16},"end":{"line":5,"column":54}},"4":{"start":{"line":7,"column":4},"end":{"line":7,"column":11}}},"fnMap":{"0":{"name":"auth","decl":{"start":{"line":3,"column":26},"end":{"line":3,"column":30}},"loc":{"start":{"line":3,"column":47},"end":{"line":8,"column":1}},"line":3}},"branchMap":{"0":{"loc":{"start":{"line":5,"column":4},"end":{"line":5,"column":54}},"type":"if","locations":[{"start":{"line":5,"column":4},"end":{"line":5,"column":54}},{"start":{"line":5,"column":4},"end":{"line":5,"column":54}}],"line":5}},"s":{"0":1,"1":0,"2":0,"3":0,"4":0},"f":{"0":0},"b":{"0":[0,0]},"_coverageSchema":"43e27e138ebf9cfc5966b082cf9a028302ed4184","hash":"eb83216a91a9a54aa5b4b8971637d3fef547d494"}
,"/home/mith/Documents/vidly/middleware/async.js": {"path":"/home/mith/Documents/vidly/middleware/async.js","statementMap":{"0":{"start":{"line":2,"column":0},"end":{"line":11,"column":1}},"1":{"start":{"line":3,"column":4},"end":{"line":10,"column":5}},"2":{"start":{"line":4,"column":8},"end":{"line":9,"column":9}},"3":{"start":{"line":5,"column":12},"end":{"line":5,"column":36}},"4":{"start":{"line":8,"column":12},"end":{"line":8,"column":21}}},"fnMap":{"0":{"name":"asyncMiddleware","decl":{"start":{"line":2,"column":26},"end":{"line":2,"column":41}},"loc":{"start":{"line":2,"column":51},"end":{"line":11,"column":1}},"line":2},"1":{"name":"(anonymous_1)","decl":{"start":{"line":3,"column":11},"end":{"line":3,"column":12}},"loc":{"start":{"line":3,"column":37},"end":{"line":10,"column":5}},"line":3}},"branchMap":{},"s":{"0":1,"1":1,"2":1,"3":1,"4":0},"f":{"0":1,"1":1},"b":{},"_coverageSchema":"43e27e138ebf9cfc5966b082cf9a028302ed4184","hash":"29d121467d257b1524765a64db4da7f4a676c2c5"}
,"/home/mith/Documents/vidly/middleware/auth.js": {"path":"/home/mith/Documents/vidly/middleware/auth.js","statementMap":{"0":{"start":{"line":1,"column":12},"end":{"line":1,"column":35}},"1":{"start":{"line":2,"column":15},"end":{"line":2,"column":32}},"2":{"start":{"line":4,"column":0},"end":{"line":16,"column":1}},"3":{"start":{"line":5,"column":18},"end":{"line":5,"column":44}},"4":{"start":{"line":6,"column":4},"end":{"line":6,"column":63}},"5":{"start":{"line":6,"column":16},"end":{"line":6,"column":63}},"6":{"start":{"line":8,"column":4},"end":{"line":15,"column":5}},"7":{"start":{"line":9,"column":24},"end":{"line":9,"column":70}},"8":{"start":{"line":10,"column":8},"end":{"line":10,"column":27}},"9":{"start":{"line":11,"column":8},"end":{"line":11,"column":15}},"10":{"start":{"line":14,"column":8},"end":{"line":14,"column":46}}},"fnMap":{"0":{"name":"auth","decl":{"start":{"line":4,"column":26},"end":{"line":4,"column":30}},"loc":{"start":{"line":4,"column":47},"end":{"line":16,"column":1}},"line":4}},"branchMap":{"0":{"loc":{"start":{"line":6,"column":4},"end":{"line":6,"column":63}},"type":"if","locations":[{"start":{"line":6,"column":4},"end":{"line":6,"column":63}},{"start":{"line":6,"column":4},"end":{"line":6,"column":63}}],"line":6}},"s":{"0":1,"1":1,"2":1,"3":5,"4":5,"5":1,"6":4,"7":4,"8":4,"9":4,"10":0},"f":{"0":5},"b":{"0":[1,4]},"_coverageSchema":"43e27e138ebf9cfc5966b082cf9a028302ed4184","hash":"e74b5d4dc25661243cf5550846f5784e761f4f21"}
,"/home/mith/Documents/vidly/middleware/error.js": {"path":"/home/mith/Documents/vidly/middleware/error.js","statementMap":{"0":{"start":{"line":1,"column":16},"end":{"line":1,"column":34}},"1":{"start":{"line":3,"column":0},"end":{"line":7,"column":1}},"2":{"start":{"line":4,"column":4},"end":{"line":4,"column":36}},"3":{"start":{"line":6,"column":4},"end":{"line":6,"column":49}}},"fnMap":{"0":{"name":"(anonymous_0)","decl":{"start":{"line":3,"column":17},"end":{"line":3,"column":18}},"loc":{"start":{"line":3,"column":48},"end":{"line":7,"column":1}},"line":3}},"branchMap":{},"s":{"0":1,"1":1,"2":0,"3":0},"f":{"0":0},"b":{},"_coverageSchema":"43e27e138ebf9cfc5966b082cf9a028302ed4184","hash":"bd78e3e34750fd8672769a8d7425ca0309372978"}
,"/home/mith/Documents/vidly/middleware/validate.js": {"path":"/home/mith/Documents/vidly/middleware/validate.js","statementMap":{"0":{"start":{"line":1,"column":17},"end":{"line":1,"column":36}},"1":{"start":{"line":3,"column":0},"end":{"line":8,"column":1}},"2":{"start":{"line":4,"column":4},"end":{"line":5,"column":50}},"3":{"start":{"line":5,"column":8},"end":{"line":5,"column":50}},"4":{"start":{"line":7,"column":4},"end":{"line":7,"column":11}}},"fnMap":{"0":{"name":"(anonymous_0)","decl":{"start":{"line":3,"column":17},"end":{"line":3,"column":18}},"loc":{"start":{"line":3,"column":43},"end":{"line":8,"column":1}},"line":3}},"branchMap":{"0":{"loc":{"start":{"line":4,"column":4},"end":{"line":5,"column":50}},"type":"if","locations":[{"start":{"line":4,"column":4},"end":{"line":5,"column":50}},{"start":{"line":4,"column":4},"end":{"line":5,"column":50}}],"line":4}},"s":{"0":1,"1":1,"2":2,"3":1,"4":1},"f":{"0":2},"b":{"0":[1,1]},"_coverageSchema":"43e27e138ebf9cfc5966b082cf9a028302ed4184","hash":"afb20cb64cf8802e7a97bc399482d139e73af1a6"}
,"/home/mith/Documents/vidly/routes/auth.js": {"path":"/home/mith/Documents/vidly/routes/auth.js","statementMap":{"0":{"start":{"line":1,"column":16},"end":{"line":1,"column":34}},"1":{"start":{"line":2,"column":15},"end":{"line":2,"column":31}},"2":{"start":{"line":3,"column":15},"end":{"line":3,"column":32}},"3":{"start":{"line":4,"column":12},"end":{"line":4,"column":26}},"4":{"start":{"line":5,"column":17},"end":{"line":5,"column":42}},"5":{"start":{"line":7,"column":0},"end":{"line":20,"column":2}},"6":{"start":{"line":8,"column":22},"end":{"line":8,"column":40}},"7":{"start":{"line":9,"column":4},"end":{"line":9,"column":62}},"8":{"start":{"line":9,"column":15},"end":{"line":9,"column":62}},"9":{"start":{"line":11,"column":17},"end":{"line":11,"column":62}},"10":{"start":{"line":12,"column":4},"end":{"line":12,"column":54}},"11":{"start":{"line":12,"column":15},"end":{"line":12,"column":54}},"12":{"start":{"line":14,"column":22},"end":{"line":14,"column":76}},"13":{"start":{"line":15,"column":4},"end":{"line":15,"column":70}},"14":{"start":{"line":15,"column":20},"end":{"line":15,"column":70}},"15":{"start":{"line":17,"column":18},"end":{"line":17,"column":42}},"16":{"start":{"line":19,"column":4},"end":{"line":19,"column":20}},"17":{"start":{"line":23,"column":19},"end":{"line":26,"column":5}},"18":{"start":{"line":27,"column":4},"end":{"line":27,"column":37}},"19":{"start":{"line":30,"column":0},"end":{"line":30,"column":24}}},"fnMap":{"0":{"name":"(anonymous_0)","decl":{"start":{"line":7,"column":17},"end":{"line":7,"column":18}},"loc":{"start":{"line":7,"column":37},"end":{"line":20,"column":1}},"line":7},"1":{"name":"validate","decl":{"start":{"line":22,"column":9},"end":{"line":22,"column":17}},"loc":{"start":{"line":22,"column":23},"end":{"line":28,"column":1}},"line":22}},"branchMap":{"0":{"loc":{"start":{"line":9,"column":4},"end":{"line":9,"column":62}},"type":"if","locations":[{"start":{"line":9,"column":4},"end":{"line":9,"column":62}},{"start":{"line":9,"column":4},"end":{"line":9,"column":62}}],"line":9},"1":{"loc":{"start":{"line":12,"column":4},"end":{"line":12,"column":54}},"type":"if","locations":[{"start":{"line":12,"column":4},"end":{"line":12,"column":54}},{"start":{"line":12,"column":4},"end":{"line":12,"column":54}}],"line":12},"2":{"loc":{"start":{"line":15,"column":4},"end":{"line":15,"column":70}},"type":"if","locations":[{"start":{"line":15,"column":4},"end":{"line":15,"column":70}},{"start":{"line":15,"column":4},"end":{"line":15,"column":70}}],"line":15}},"s":{"0":1,"1":1,"2":1,"3":1,"4":1,"5":1,"6":0,"7":0,"8":0,"9":0,"10":0,"11":0,"12":0,"13":0,"14":0,"15":0,"16":0,"17":0,"18":0,"19":1},"f":{"0":0,"1":0},"b":{"0":[0,0],"1":[0,0],"2":[0,0]},"_coverageSchema":"43e27e138ebf9cfc5966b082cf9a028302ed4184","hash":"3d05e8cdcaf4af5af83b76c644ae020f81a34429"}
,"/home/mith/Documents/vidly/routes/customers.js": {"path":"/home/mith/Documents/vidly/routes/customers.js","statementMap":{"0":{"start":{"line":1,"column":39},"end":{"line":1,"column":68}},"1":{"start":{"line":2,"column":16},"end":{"line":2,"column":34}},"2":{"start":{"line":3,"column":15},"end":{"line":3,"column":31}},"3":{"start":{"line":4,"column":13},"end":{"line":4,"column":42}},"4":{"start":{"line":6,"column":0},"end":{"line":9,"column":3}},"5":{"start":{"line":7,"column":21},"end":{"line":7,"column":42}},"6":{"start":{"line":8,"column":4},"end":{"line":8,"column":23}},"7":{"start":{"line":11,"column":0},"end":{"line":21,"column":2}},"8":{"start":{"line":12,"column":22},"end":{"line":12,"column":48}},"9":{"start":{"line":13,"column":4},"end":{"line":13,"column":65}},"10":{"start":{"line":13,"column":17},"end":{"line":13,"column":63}},"11":{"start":{"line":14,"column":19},"end":{"line":18,"column":6}},"12":{"start":{"line":19,"column":4},"end":{"line":19,"column":37}},"13":{"start":{"line":20,"column":4},"end":{"line":20,"column":23}},"14":{"start":{"line":23,"column":0},"end":{"line":33,"column":2}},"15":{"start":{"line":24,"column":22},"end":{"line":24,"column":48}},"16":{"start":{"line":25,"column":4},"end":{"line":25,"column":46}},"17":{"start":{"line":25,"column":17},"end":{"line":25,"column":44}},"18":{"start":{"line":26,"column":21},"end":{"line":30,"column":21}},"19":{"start":{"line":31,"column":4},"end":{"line":31,"column":75}},"20":{"start":{"line":31,"column":21},"end":{"line":31,"column":73}},"21":{"start":{"line":32,"column":4},"end":{"line":32,"column":23}},"22":{"start":{"line":35,"column":0},"end":{"line":39,"column":2}},"23":{"start":{"line":36,"column":21},"end":{"line":36,"column":68}},"24":{"start":{"line":37,"column":4},"end":{"line":37,"column":64}},"25":{"start":{"line":37,"column":21},"end":{"line":37,"column":62}},"26":{"start":{"line":38,"column":4},"end":{"line":38,"column":23}},"27":{"start":{"line":41,"column":0},"end":{"line":44,"column":2}},"28":{"start":{"line":42,"column":21},"end":{"line":42,"column":59}},"29":{"start":{"line":43,"column":4},"end":{"line":43,"column":23}},"30":{"start":{"line":47,"column":0},"end":{"line":47,"column":24}}},"fnMap":{"0":{"name":"(anonymous_0)","decl":{"start":{"line":6,"column":22},"end":{"line":6,"column":23}},"loc":{"start":{"line":6,"column":42},"end":{"line":9,"column":1}},"line":6},"1":{"name":"(anonymous_1)","decl":{"start":{"line":11,"column":23},"end":{"line":11,"column":24}},"loc":{"start":{"line":11,"column":43},"end":{"line":21,"column":1}},"line":11},"2":{"name":"(anonymous_2)","decl":{"start":{"line":23,"column":25},"end":{"line":23,"column":26}},"loc":{"start":{"line":23,"column":45},"end":{"line":33,"column":1}},"line":23},"3":{"name":"(anonymous_3)","decl":{"start":{"line":35,"column":28},"end":{"line":35,"column":29}},"loc":{"start":{"line":35,"column":48},"end":{"line":39,"column":1}},"line":35},"4":{"name":"(anonymous_4)","decl":{"start":{"line":41,"column":25},"end":{"line":41,"column":26}},"loc":{"start":{"line":41,"column":45},"end":{"line":44,"column":1}},"line":41}},"branchMap":{"0":{"loc":{"start":{"line":13,"column":4},"end":{"line":13,"column":65}},"type":"if","locations":[{"start":{"line":13,"column":4},"end":{"line":13,"column":65}},{"start":{"line":13,"column":4},"end":{"line":13,"column":65}}],"line":13},"1":{"loc":{"start":{"line":25,"column":4},"end":{"line":25,"column":46}},"type":"if","locations":[{"start":{"line":25,"column":4},"end":{"line":25,"column":46}},{"start":{"line":25,"column":4},"end":{"line":25,"column":46}}],"line":25},"2":{"loc":{"start":{"line":31,"column":4},"end":{"line":31,"column":75}},"type":"if","locations":[{"start":{"line":31,"column":4},"end":{"line":31,"column":75}},{"start":{"line":31,"column":4},"end":{"line":31,"column":75}}],"line":31},"3":{"loc":{"start":{"line":37,"column":4},"end":{"line":37,"column":64}},"type":"if","locations":[{"start":{"line":37,"column":4},"end":{"line":37,"column":64}},{"start":{"line":37,"column":4},"end":{"line":37,"column":64}}],"line":37}},"s":{"0":1,"1":1,"2":1,"3":1,"4":1,"5":0,"6":0,"7":1,"8":0,"9":0,"10":0,"11":0,"12":0,"13":0,"14":1,"15":0,"16":0,"17":0,"18":0,"19":0,"20":0,"21":0,"22":1,"23":0,"24":0,"25":0,"26":0,"27":1,"28":0,"29":0,"30":1},"f":{"0":0,"1":0,"2":0,"3":0,"4":0},"b":{"0":[0,0],"1":[0,0],"2":[0,0],"3":[0,0]},"_coverageSchema":"43e27e138ebf9cfc5966b082cf9a028302ed4184","hash":"1bebe584d35186039c5e423c1b6552a082186589"}
,"/home/mith/Documents/vidly/routes/genres.js": {"path":"/home/mith/Documents/vidly/routes/genres.js","statementMap":{"0":{"start":{"line":1,"column":16},"end":{"line":1,"column":34}},"1":{"start":{"line":2,"column":15},"end":{"line":2,"column":31}},"2":{"start":{"line":3,"column":33},"end":{"line":3,"column":59}},"3":{"start":{"line":4,"column":13},"end":{"line":4,"column":42}},"4":{"start":{"line":5,"column":14},"end":{"line":5,"column":44}},"5":{"start":{"line":6,"column":24},"end":{"line":6,"column":54}},"6":{"start":{"line":7,"column":23},"end":{"line":7,"column":56}},"7":{"start":{"line":9,"column":0},"end":{"line":12,"column":4}},"8":{"start":{"line":10,"column":18},"end":{"line":10,"column":36}},"9":{"start":{"line":11,"column":4},"end":{"line":11,"column":20}},"10":{"start":{"line":14,"column":0},"end":{"line":22,"column":3}},"11":{"start":{"line":15,"column":22},"end":{"line":15,"column":45}},"12":{"start":{"line":16,"column":4},"end":{"line":16,"column":69}},"13":{"start":{"line":16,"column":15},"end":{"line":16,"column":69}},"14":{"start":{"line":18,"column":16},"end":{"line":18,"column":50}},"15":{"start":{"line":19,"column":4},"end":{"line":19,"column":31}},"16":{"start":{"line":21,"column":4},"end":{"line":21,"column":20}},"17":{"start":{"line":24,"column":0},"end":{"line":31,"column":3}},"18":{"start":{"line":25,"column":22},"end":{"line":25,"column":45}},"19":{"start":{"line":26,"column":4},"end":{"line":26,"column":69}},"20":{"start":{"line":26,"column":15},"end":{"line":26,"column":69}},"21":{"start":{"line":27,"column":18},"end":{"line":27,"column":102}},"22":{"start":{"line":28,"column":4},"end":{"line":28,"column":90}},"23":{"start":{"line":28,"column":16},"end":{"line":28,"column":90}},"24":{"start":{"line":30,"column":4},"end":{"line":30,"column":20}},"25":{"start":{"line":33,"column":0},"end":{"line":37,"column":3}},"26":{"start":{"line":34,"column":18},"end":{"line":34,"column":62}},"27":{"start":{"line":35,"column":4},"end":{"line":35,"column":90}},"28":{"start":{"line":35,"column":16},"end":{"line":35,"column":90}},"29":{"start":{"line":36,"column":4},"end":{"line":36,"column":20}},"30":{"start":{"line":39,"column":0},"end":{"line":44,"column":3}},"31":{"start":{"line":41,"column":18},"end":{"line":41,"column":53}},"32":{"start":{"line":42,"column":4},"end":{"line":42,"column":90}},"33":{"start":{"line":42,"column":16},"end":{"line":42,"column":90}},"34":{"start":{"line":43,"column":4},"end":{"line":43,"column":20}},"35":{"start":{"line":46,"column":0},"end":{"line":46,"column":24}}},"fnMap":{"0":{"name":"(anonymous_0)","decl":{"start":{"line":9,"column":32},"end":{"line":9,"column":33}},"loc":{"start":{"line":9,"column":52},"end":{"line":12,"column":1}},"line":9},"1":{"name":"(anonymous_1)","decl":{"start":{"line":14,"column":23},"end":{"line":14,"column":24}},"loc":{"start":{"line":14,"column":43},"end":{"line":22,"column":1}},"line":14},"2":{"name":"(anonymous_2)","decl":{"start":{"line":24,"column":19},"end":{"line":24,"column":20}},"loc":{"start":{"line":24,"column":39},"end":{"line":31,"column":1}},"line":24},"3":{"name":"(anonymous_3)","decl":{"start":{"line":33,"column":37},"end":{"line":33,"column":38}},"loc":{"start":{"line":33,"column":57},"end":{"line":37,"column":1}},"line":33},"4":{"name":"(anonymous_4)","decl":{"start":{"line":39,"column":35},"end":{"line":39,"column":36}},"loc":{"start":{"line":39,"column":55},"end":{"line":44,"column":1}},"line":39}},"branchMap":{"0":{"loc":{"start":{"line":16,"column":4},"end":{"line":16,"column":69}},"type":"if","locations":[{"start":{"line":16,"column":4},"end":{"line":16,"column":69}},{"start":{"line":16,"column":4},"end":{"line":16,"column":69}}],"line":16},"1":{"loc":{"start":{"line":26,"column":4},"end":{"line":26,"column":69}},"type":"if","locations":[{"start":{"line":26,"column":4},"end":{"line":26,"column":69}},{"start":{"line":26,"column":4},"end":{"line":26,"column":69}}],"line":26},"2":{"loc":{"start":{"line":28,"column":4},"end":{"line":28,"column":90}},"type":"if","locations":[{"start":{"line":28,"column":4},"end":{"line":28,"column":90}},{"start":{"line":28,"column":4},"end":{"line":28,"column":90}}],"line":28},"3":{"loc":{"start":{"line":35,"column":4},"end":{"line":35,"column":90}},"type":"if","locations":[{"start":{"line":35,"column":4},"end":{"line":35,"column":90}},{"start":{"line":35,"column":4},"end":{"line":35,"column":90}}],"line":35},"4":{"loc":{"start":{"line":42,"column":4},"end":{"line":42,"column":90}},"type":"if","locations":[{"start":{"line":42,"column":4},"end":{"line":42,"column":90}},{"start":{"line":42,"column":4},"end":{"line":42,"column":90}}],"line":42}},"s":{"0":1,"1":1,"2":1,"3":1,"4":1,"5":1,"6":1,"7":1,"8":1,"9":1,"10":1,"11":4,"12":4,"13":2,"14":2,"15":2,"16":2,"17":1,"18":0,"19":0,"20":0,"21":0,"22":0,"23":0,"24":0,"25":1,"26":0,"27":0,"28":0,"29":0,"30":1,"31":1,"32":1,"33":0,"34":1,"35":1},"f":{"0":1,"1":4,"2":0,"3":0,"4":1},"b":{"0":[2,2],"1":[0,0],"2":[0,0],"3":[0,0],"4":[0,1]},"_coverageSchema":"43e27e138ebf9cfc5966b082cf9a028302ed4184","hash":"54ac8785d54d7876919ce7140abfefe3f029607b"}
,"/home/mith/Documents/vidly/routes/movies.js": {"path":"/home/mith/Documents/vidly/routes/movies.js","statementMap":{"0":{"start":{"line":1,"column":16},"end":{"line":1,"column":34}},"1":{"start":{"line":2,"column":15},"end":{"line":2,"column":31}},"2":{"start":{"line":3,"column":28},"end":{"line":3,"column":54}},"3":{"start":{"line":4,"column":18},"end":{"line":4,"column":44}},"4":{"start":{"line":5,"column":13},"end":{"line":5,"column":42}},"5":{"start":{"line":7,"column":0},"end":{"line":11,"column":2}},"6":{"start":{"line":8,"column":19},"end":{"line":8,"column":37}},"7":{"start":{"line":9,"column":4},"end":{"line":9,"column":23}},"8":{"start":{"line":10,"column":4},"end":{"line":10,"column":21}},"9":{"start":{"line":13,"column":0},"end":{"line":30,"column":2}},"10":{"start":{"line":14,"column":22},"end":{"line":14,"column":40}},"11":{"start":{"line":15,"column":4},"end":{"line":15,"column":62}},"12":{"start":{"line":15,"column":15},"end":{"line":15,"column":62}},"13":{"start":{"line":17,"column":18},"end":{"line":17,"column":56}},"14":{"start":{"line":18,"column":4},"end":{"line":18,"column":50}},"15":{"start":{"line":18,"column":16},"end":{"line":18,"column":50}},"16":{"start":{"line":19,"column":18},"end":{"line":27,"column":6}},"17":{"start":{"line":28,"column":4},"end":{"line":28,"column":23}},"18":{"start":{"line":29,"column":4},"end":{"line":29,"column":20}},"19":{"start":{"line":32,"column":0},"end":{"line":52,"column":2}},"20":{"start":{"line":33,"column":22},"end":{"line":33,"column":40}},"21":{"start":{"line":34,"column":4},"end":{"line":34,"column":62}},"22":{"start":{"line":34,"column":15},"end":{"line":34,"column":62}},"23":{"start":{"line":36,"column":18},"end":{"line":36,"column":56}},"24":{"start":{"line":37,"column":4},"end":{"line":37,"column":56}},"25":{"start":{"line":37,"column":16},"end":{"line":37,"column":56}},"26":{"start":{"line":39,"column":18},"end":{"line":47,"column":6}},"27":{"start":{"line":48,"column":4},"end":{"line":48,"column":39}},"28":{"start":{"line":48,"column":16},"end":{"line":48,"column":39}},"29":{"start":{"line":50,"column":4},"end":{"line":50,"column":23}},"30":{"start":{"line":51,"column":4},"end":{"line":51,"column":19}},"31":{"start":{"line":54,"column":0},"end":{"line":59,"column":2}},"32":{"start":{"line":55,"column":18},"end":{"line":55,"column":60}},"33":{"start":{"line":56,"column":4},"end":{"line":56,"column":50}},"34":{"start":{"line":56,"column":16},"end":{"line":56,"column":50}},"35":{"start":{"line":58,"column":4},"end":{"line":58,"column":20}},"36":{"start":{"line":61,"column":0},"end":{"line":65,"column":2}},"37":{"start":{"line":62,"column":19},"end":{"line":62,"column":59}},"38":{"start":{"line":63,"column":4},"end":{"line":63,"column":23}},"39":{"start":{"line":64,"column":4},"end":{"line":64,"column":21}},"40":{"start":{"line":67,"column":0},"end":{"line":67,"column":24}}},"fnMap":{"0":{"name":"(anonymous_0)","decl":{"start":{"line":7,"column":22},"end":{"line":7,"column":23}},"loc":{"start":{"line":7,"column":42},"end":{"line":11,"column":1}},"line":7},"1":{"name":"(anonymous_1)","decl":{"start":{"line":13,"column":23},"end":{"line":13,"column":24}},"loc":{"start":{"line":13,"column":43},"end":{"line":30,"column":1}},"line":13},"2":{"name":"(anonymous_2)","decl":{"start":{"line":32,"column":25},"end":{"line":32,"column":26}},"loc":{"start":{"line":32,"column":45},"end":{"line":52,"column":1}},"line":32},"3":{"name":"(anonymous_3)","decl":{"start":{"line":54,"column":25},"end":{"line":54,"column":26}},"loc":{"start":{"line":54,"column":45},"end":{"line":59,"column":1}},"line":54},"4":{"name":"(anonymous_4)","decl":{"start":{"line":61,"column":25},"end":{"line":61,"column":26}},"loc":{"start":{"line":61,"column":45},"end":{"line":65,"column":1}},"line":61}},"branchMap":{"0":{"loc":{"start":{"line":15,"column":4},"end":{"line":15,"column":62}},"type":"if","locations":[{"start":{"line":15,"column":4},"end":{"line":15,"column":62}},{"start":{"line":15,"column":4},"end":{"line":15,"column":62}}],"line":15},"1":{"loc":{"start":{"line":18,"column":4},"end":{"line":18,"column":50}},"type":"if","locations":[{"start":{"line":18,"column":4},"end":{"line":18,"column":50}},{"start":{"line":18,"column":4},"end":{"line":18,"column":50}}],"line":18},"2":{"loc":{"start":{"line":34,"column":4},"end":{"line":34,"column":62}},"type":"if","locations":[{"start":{"line":34,"column":4},"end":{"line":34,"column":62}},{"start":{"line":34,"column":4},"end":{"line":34,"column":62}}],"line":34},"3":{"loc":{"start":{"line":37,"column":4},"end":{"line":37,"column":56}},"type":"if","locations":[{"start":{"line":37,"column":4},"end":{"line":37,"column":56}},{"start":{"line":37,"column":4},"end":{"line":37,"column":56}}],"line":37},"4":{"loc":{"start":{"line":48,"column":4},"end":{"line":48,"column":39}},"type":"if","locations":[{"start":{"line":48,"column":4},"end":{"line":48,"column":39}},{"start":{"line":48,"column":4},"end":{"line":48,"column":39}}],"line":48},"5":{"loc":{"start":{"line":56,"column":4},"end":{"line":56,"column":50}},"type":"if","locations":[{"start":{"line":56,"column":4},"end":{"line":56,"column":50}},{"start":{"line":56,"column":4},"end":{"line":56,"column":50}}],"line":56}},"s":{"0":1,"1":1,"2":1,"3":1,"4":1,"5":1,"6":0,"7":0,"8":0,"9":1,"10":0,"11":0,"12":0,"13":0,"14":0,"15":0,"16":0,"17":0,"18":0,"19":1,"20":0,"21":0,"22":0,"23":0,"24":0,"25":0,"26":0,"27":0,"28":0,"29":0,"30":0,"31":1,"32":0,"33":0,"34":0,"35":0,"36":1,"37":0,"38":0,"39":0,"40":1},"f":{"0":0,"1":0,"2":0,"3":0,"4":0},"b":{"0":[0,0],"1":[0,0],"2":[0,0],"3":[0,0],"4":[0,0],"5":[0,0]},"_coverageSchema":"43e27e138ebf9cfc5966b082cf9a028302ed4184","hash":"99a93f6ecd28aa56d717c37b5ac33f34ee230f5b"}
,"/home/mith/Documents/vidly/routes/rentals.js": {"path":"/home/mith/Documents/vidly/routes/rentals.js","statementMap":{"0":{"start":{"line":1,"column":16},"end":{"line":1,"column":34}},"1":{"start":{"line":2,"column":17},"end":{"line":2,"column":36}},"2":{"start":{"line":3,"column":15},"end":{"line":3,"column":31}},"3":{"start":{"line":4,"column":18},"end":{"line":4,"column":44}},"4":{"start":{"line":5,"column":29},"end":{"line":5,"column":56}},"5":{"start":{"line":6,"column":21},"end":{"line":6,"column":50}},"6":{"start":{"line":7,"column":13},"end":{"line":7,"column":28}},"7":{"start":{"line":8,"column":13},"end":{"line":8,"column":42}},"8":{"start":{"line":10,"column":0},"end":{"line":10,"column":20}},"9":{"start":{"line":12,"column":0},"end":{"line":16,"column":2}},"10":{"start":{"line":13,"column":19},"end":{"line":13,"column":57}},"11":{"start":{"line":14,"column":4},"end":{"line":14,"column":61}},"12":{"start":{"line":14,"column":17},"end":{"line":14,"column":61}},"13":{"start":{"line":15,"column":4},"end":{"line":15,"column":21}},"14":{"start":{"line":18,"column":0},"end":{"line":54,"column":2}},"15":{"start":{"line":19,"column":22},"end":{"line":19,"column":40}},"16":{"start":{"line":20,"column":4},"end":{"line":20,"column":62}},"17":{"start":{"line":20,"column":15},"end":{"line":20,"column":62}},"18":{"start":{"line":22,"column":21},"end":{"line":22,"column":65}},"19":{"start":{"line":23,"column":4},"end":{"line":23,"column":62}},"20":{"start":{"line":23,"column":19},"end":{"line":23,"column":62}},"21":{"start":{"line":25,"column":18},"end":{"line":25,"column":56}},"22":{"start":{"line":26,"column":4},"end":{"line":26,"column":56}},"23":{"start":{"line":26,"column":16},"end":{"line":26,"column":56}},"24":{"start":{"line":28,"column":4},"end":{"line":28,"column":79}},"25":{"start":{"line":28,"column":35},"end":{"line":28,"column":79}},"26":{"start":{"line":30,"column":17},"end":{"line":41,"column":6}},"27":{"start":{"line":42,"column":4},"end":{"line":53,"column":5}},"28":{"start":{"line":43,"column":8},"end":{"line":48,"column":19}},"29":{"start":{"line":49,"column":8},"end":{"line":49,"column":25}},"30":{"start":{"line":52,"column":8},"end":{"line":52,"column":50}},"31":{"start":{"line":56,"column":0},"end":{"line":56,"column":24}}},"fnMap":{"0":{"name":"(anonymous_0)","decl":{"start":{"line":12,"column":22},"end":{"line":12,"column":23}},"loc":{"start":{"line":12,"column":42},"end":{"line":16,"column":1}},"line":12},"1":{"name":"(anonymous_1)","decl":{"start":{"line":18,"column":23},"end":{"line":18,"column":24}},"loc":{"start":{"line":18,"column":43},"end":{"line":54,"column":1}},"line":18}},"branchMap":{"0":{"loc":{"start":{"line":14,"column":4},"end":{"line":14,"column":61}},"type":"if","locations":[{"start":{"line":14,"column":4},"end":{"line":14,"column":61}},{"start":{"line":14,"column":4},"end":{"line":14,"column":61}}],"line":14},"1":{"loc":{"start":{"line":20,"column":4},"end":{"line":20,"column":62}},"type":"if","locations":[{"start":{"line":20,"column":4},"end":{"line":20,"column":62}},{"start":{"line":20,"column":4},"end":{"line":20,"column":62}}],"line":20},"2":{"loc":{"start":{"line":23,"column":4},"end":{"line":23,"column":62}},"type":"if","locations":[{"start":{"line":23,"column":4},"end":{"line":23,"column":62}},{"start":{"line":23,"column":4},"end":{"line":23,"column":62}}],"line":23},"3":{"loc":{"start":{"line":26,"column":4},"end":{"line":26,"column":56}},"type":"if","locations":[{"start":{"line":26,"column":4},"end":{"line":26,"column":56}},{"start":{"line":26,"column":4},"end":{"line":26,"column":56}}],"line":26},"4":{"loc":{"start":{"line":28,"column":4},"end":{"line":28,"column":79}},"type":"if","locations":[{"start":{"line":28,"column":4},"end":{"line":28,"column":79}},{"start":{"line":28,"column":4},"end":{"line":28,"column":79}}],"line":28}},"s":{"0":1,"1":1,"2":1,"3":1,"4":1,"5":1,"6":1,"7":1,"8":1,"9":1,"10":0,"11":0,"12":0,"13":0,"14":1,"15":0,"16":0,"17":0,"18":0,"19":0,"20":0,"21":0,"22":0,"23":0,"24":0,"25":0,"26":0,"27":0,"28":0,"29":0,"30":0,"31":1},"f":{"0":0,"1":0},"b":{"0":[0,0],"1":[0,0],"2":[0,0],"3":[0,0],"4":[0,0]},"_coverageSchema":"43e27e138ebf9cfc5966b082cf9a028302ed4184","hash":"97895d228116d75b0c0fd16a6abd9bbab09f880b"}
,"/home/mith/Documents/vidly/routes/users.js": {"path":"/home/mith/Documents/vidly/routes/users.js","statementMap":{"0":{"start":{"line":1,"column":16},"end":{"line":1,"column":34}},"1":{"start":{"line":2,"column":15},"end":{"line":2,"column":31}},"2":{"start":{"line":3,"column":15},"end":{"line":3,"column":32}},"3":{"start":{"line":4,"column":27},"end":{"line":4,"column":52}},"4":{"start":{"line":5,"column":10},"end":{"line":5,"column":27}},"5":{"start":{"line":7,"column":0},"end":{"line":23,"column":2}},"6":{"start":{"line":8,"column":22},"end":{"line":8,"column":40}},"7":{"start":{"line":9,"column":4},"end":{"line":9,"column":62}},"8":{"start":{"line":9,"column":15},"end":{"line":9,"column":62}},"9":{"start":{"line":11,"column":15},"end":{"line":11,"column":60}},"10":{"start":{"line":12,"column":4},"end":{"line":12,"column":59}},"11":{"start":{"line":12,"column":14},"end":{"line":12,"column":59}},"12":{"start":{"line":14,"column":4},"end":{"line":14,"column":69}},"13":{"start":{"line":15,"column":17},"end":{"line":15,"column":41}},"14":{"start":{"line":16,"column":4},"end":{"line":16,"column":59}},"15":{"start":{"line":18,"column":4},"end":{"line":18,"column":22}},"16":{"start":{"line":20,"column":18},"end":{"line":20,"column":42}},"17":{"start":{"line":22,"column":4},"end":{"line":22,"column":76}},"18":{"start":{"line":25,"column":0},"end":{"line":25,"column":24}}},"fnMap":{"0":{"name":"(anonymous_0)","decl":{"start":{"line":7,"column":17},"end":{"line":7,"column":18}},"loc":{"start":{"line":7,"column":37},"end":{"line":23,"column":1}},"line":7}},"branchMap":{"0":{"loc":{"start":{"line":9,"column":4},"end":{"line":9,"column":62}},"type":"if","locations":[{"start":{"line":9,"column":4},"end":{"line":9,"column":62}},{"start":{"line":9,"column":4},"end":{"line":9,"column":62}}],"line":9},"1":{"loc":{"start":{"line":12,"column":4},"end":{"line":12,"column":59}},"type":"if","locations":[{"start":{"line":12,"column":4},"end":{"line":12,"column":59}},{"start":{"line":12,"column":4},"end":{"line":12,"column":59}}],"line":12}},"s":{"0":1,"1":1,"2":1,"3":1,"4":1,"5":1,"6":0,"7":0,"8":0,"9":0,"10":0,"11":0,"12":0,"13":0,"14":0,"15":0,"16":0,"17":0,"18":1},"f":{"0":0},"b":{"0":[0,0],"1":[0,0]},"_coverageSchema":"43e27e138ebf9cfc5966b082cf9a028302ed4184","hash":"dba4a9cecb30f3128ce2012f2eed3d40de962c6c"}
,"/home/mith/Documents/vidly/schema/customer.js": {"path":"/home/mith/Documents/vidly/schema/customer.js","statementMap":{"0":{"start":{"line":1,"column":17},"end":{"line":1,"column":36}},"1":{"start":{"line":2,"column":15},"end":{"line":2,"column":30}},"2":{"start":{"line":3,"column":12},"end":{"line":3,"column":26}},"3":{"start":{"line":5,"column":23},"end":{"line":21,"column":2}},"4":{"start":{"line":23,"column":17},"end":{"line":23,"column":59}},"5":{"start":{"line":26,"column":19},"end":{"line":30,"column":5}},"6":{"start":{"line":32,"column":4},"end":{"line":32,"column":42}},"7":{"start":{"line":35,"column":0},"end":{"line":35,"column":35}},"8":{"start":{"line":36,"column":0},"end":{"line":36,"column":51}}},"fnMap":{"0":{"name":"validateCustomer","decl":{"start":{"line":25,"column":9},"end":{"line":25,"column":25}},"loc":{"start":{"line":25,"column":36},"end":{"line":33,"column":1}},"line":25}},"branchMap":{},"s":{"0":1,"1":1,"2":1,"3":1,"4":1,"5":0,"6":0,"7":1,"8":1},"f":{"0":0},"b":{},"_coverageSchema":"43e27e138ebf9cfc5966b082cf9a028302ed4184","hash":"37c7c055234b795babbf97f255839d3720da3294"}
,"/home/mith/Documents/vidly/schema/genre.js": {"path":"/home/mith/Documents/vidly/schema/genre.js","statementMap":{"0":{"start":{"line":1,"column":15},"end":{"line":1,"column":34}},"1":{"start":{"line":2,"column":15},"end":{"line":2,"column":30}},"2":{"start":{"line":3,"column":12},"end":{"line":3,"column":26}},"3":{"start":{"line":5,"column":18},"end":{"line":13,"column":2}},"4":{"start":{"line":15,"column":12},"end":{"line":15,"column":48}},"5":{"start":{"line":19,"column":19},"end":{"line":21,"column":5}},"6":{"start":{"line":23,"column":4},"end":{"line":23,"column":39}},"7":{"start":{"line":26,"column":0},"end":{"line":26,"column":22}},"8":{"start":{"line":27,"column":0},"end":{"line":27,"column":34}},"9":{"start":{"line":28,"column":0},"end":{"line":28,"column":38}}},"fnMap":{"0":{"name":"validateGenre","decl":{"start":{"line":18,"column":9},"end":{"line":18,"column":22}},"loc":{"start":{"line":18,"column":30},"end":{"line":24,"column":1}},"line":18}},"branchMap":{},"s":{"0":1,"1":1,"2":1,"3":1,"4":1,"5":4,"6":4,"7":1,"8":1,"9":1},"f":{"0":4},"b":{},"_coverageSchema":"43e27e138ebf9cfc5966b082cf9a028302ed4184","hash":"1fe4d3bf9d3ff49623d258122c07cca89027e670"}
,"/home/mith/Documents/vidly/schema/movie.js": {"path":"/home/mith/Documents/vidly/schema/movie.js","statementMap":{"0":{"start":{"line":1,"column":17},"end":{"line":1,"column":36}},"1":{"start":{"line":2,"column":24},"end":{"line":2,"column":42}},"2":{"start":{"line":3,"column":12},"end":{"line":3,"column":26}},"3":{"start":{"line":5,"column":20},"end":{"line":16,"column":2}},"4":{"start":{"line":19,"column":19},"end":{"line":24,"column":5}},"5":{"start":{"line":25,"column":4},"end":{"line":25,"column":39}},"6":{"start":{"line":28,"column":12},"end":{"line":28,"column":48}},"7":{"start":{"line":30,"column":0},"end":{"line":30,"column":22}},"8":{"start":{"line":31,"column":0},"end":{"line":31,"column":33}}},"fnMap":{"0":{"name":"validateMovie","decl":{"start":{"line":18,"column":9},"end":{"line":18,"column":22}},"loc":{"start":{"line":18,"column":30},"end":{"line":26,"column":1}},"line":18}},"branchMap":{},"s":{"0":1,"1":1,"2":1,"3":1,"4":0,"5":0,"6":1,"7":1,"8":1},"f":{"0":0},"b":{},"_coverageSchema":"43e27e138ebf9cfc5966b082cf9a028302ed4184","hash":"12a0ba2f1f01125751415e8e515099b9178e5ed9"}
,"/home/mith/Documents/vidly/schema/rental.js": {"path":"/home/mith/Documents/vidly/schema/rental.js","statementMap":{"0":{"start":{"line":1,"column":17},"end":{"line":1,"column":36}},"1":{"start":{"line":2,"column":12},"end":{"line":2,"column":26}},"2":{"start":{"line":4,"column":15},"end":{"line":50,"column":3}},"3":{"start":{"line":53,"column":19},"end":{"line":56,"column":5}},"4":{"start":{"line":58,"column":4},"end":{"line":58,"column":40}},"5":{"start":{"line":61,"column":0},"end":{"line":61,"column":24}},"6":{"start":{"line":62,"column":0},"end":{"line":62,"column":34}}},"fnMap":{"0":{"name":"validateRental","decl":{"start":{"line":52,"column":9},"end":{"line":52,"column":23}},"loc":{"start":{"line":52,"column":32},"end":{"line":59,"column":1}},"line":52}},"branchMap":{},"s":{"0":1,"1":1,"2":1,"3":0,"4":0,"5":1,"6":1},"f":{"0":0},"b":{},"_coverageSchema":"43e27e138ebf9cfc5966b082cf9a028302ed4184","hash":"067ac81788e3b61bdc36d1cfac66219ca7944f36"}
,"/home/mith/Documents/vidly/schema/user.js": {"path":"/home/mith/Documents/vidly/schema/user.js","statementMap":{"0":{"start":{"line":1,"column":17},"end":{"line":1,"column":36}},"1":{"start":{"line":2,"column":12},"end":{"line":2,"column":26}},"2":{"start":{"line":3,"column":12},"end":{"line":3,"column":35}},"3":{"start":{"line":4,"column":15},"end":{"line":4,"column":32}},"4":{"start":{"line":6,"column":19},"end":{"line":25,"column":2}},"5":{"start":{"line":27,"column":0},"end":{"line":29,"column":1}},"6":{"start":{"line":28,"column":4},"end":{"line":28,"column":91}},"7":{"start":{"line":31,"column":13},"end":{"line":31,"column":51}},"8":{"start":{"line":35,"column":19},"end":{"line":39,"column":5}},"9":{"start":{"line":41,"column":4},"end":{"line":41,"column":38}},"10":{"start":{"line":44,"column":0},"end":{"line":44,"column":32}},"11":{"start":{"line":45,"column":0},"end":{"line":45,"column":20}}},"fnMap":{"0":{"name":"(anonymous_0)","decl":{"start":{"line":27,"column":39},"end":{"line":27,"column":40}},"loc":{"start":{"line":27,"column":51},"end":{"line":29,"column":1}},"line":27},"1":{"name":"validateUser","decl":{"start":{"line":34,"column":9},"end":{"line":34,"column":21}},"loc":{"start":{"line":34,"column":28},"end":{"line":42,"column":1}},"line":34}},"branchMap":{},"s":{"0":2,"1":2,"2":2,"3":2,"4":2,"5":2,"6":6,"7":2,"8":0,"9":0,"10":2,"11":2},"f":{"0":6,"1":0},"b":{},"_coverageSchema":"43e27e138ebf9cfc5966b082cf9a028302ed4184","hash":"0a522a4cea25ba64baaaa34cada9fa98d54643ff"}
,"/home/mith/Documents/vidly/startup/config.js": {"path":"/home/mith/Documents/vidly/startup/config.js","statementMap":{"0":{"start":{"line":1,"column":15},"end":{"line":1,"column":32}},"1":{"start":{"line":3,"column":0},"end":{"line":9,"column":1}},"2":{"start":{"line":5,"column":4},"end":{"line":7,"column":5}},"3":{"start":{"line":6,"column":8},"end":{"line":6,"column":68}}},"fnMap":{"0":{"name":"(anonymous_0)","decl":{"start":{"line":3,"column":17},"end":{"line":3,"column":18}},"loc":{"start":{"line":3,"column":29},"end":{"line":9,"column":1}},"line":3}},"branchMap":{"0":{"loc":{"start":{"line":5,"column":4},"end":{"line":7,"column":5}},"type":"if","locations":[{"start":{"line":5,"column":4},"end":{"line":7,"column":5}},{"start":{"line":5,"column":4},"end":{"line":7,"column":5}}],"line":5}},"s":{"0":1,"1":1,"2":1,"3":0},"f":{"0":1},"b":{"0":[0,1]},"_coverageSchema":"43e27e138ebf9cfc5966b082cf9a028302ed4184","hash":"95506124c644fc5bce5f52243066db192490865a"}
,"/home/mith/Documents/vidly/startup/logging.js": {"path":"/home/mith/Documents/vidly/startup/logging.js","statementMap":{"0":{"start":{"line":1,"column":16},"end":{"line":1,"column":34}},"1":{"start":{"line":3,"column":0},"end":{"line":3,"column":32}},"2":{"start":{"line":5,"column":0},"end":{"line":21,"column":1}},"3":{"start":{"line":6,"column":4},"end":{"line":9,"column":5}},"4":{"start":{"line":11,"column":4},"end":{"line":14,"column":6}},"5":{"start":{"line":12,"column":8},"end":{"line":12,"column":41}},"6":{"start":{"line":13,"column":8},"end":{"line":13,"column":38}},"7":{"start":{"line":16,"column":4},"end":{"line":16,"column":74}}},"fnMap":{"0":{"name":"(anonymous_0)","decl":{"start":{"line":5,"column":17},"end":{"line":5,"column":18}},"loc":{"start":{"line":5,"column":29},"end":{"line":21,"column":1}},"line":5},"1":{"name":"(anonymous_1)","decl":{"start":{"line":11,"column":36},"end":{"line":11,"column":37}},"loc":{"start":{"line":11,"column":44},"end":{"line":14,"column":5}},"line":11}},"branchMap":{},"s":{"0":1,"1":1,"2":1,"3":1,"4":1,"5":0,"6":0,"7":1},"f":{"0":1,"1":0},"b":{},"_coverageSchema":"43e27e138ebf9cfc5966b082cf9a028302ed4184","hash":"2bab6fff7291eba55d15cd780a35b1568de2075d"}
,"/home/mith/Documents/vidly/startup/mongoose.js": {"path":"/home/mith/Documents/vidly/startup/mongoose.js","statementMap":{"0":{"start":{"line":1,"column":17},"end":{"line":1,"column":36}},"1":{"start":{"line":2,"column":16},"end":{"line":2,"column":34}},"2":{"start":{"line":3,"column":15},"end":{"line":3,"column":32}},"3":{"start":{"line":5,"column":0},"end":{"line":14,"column":1}},"4":{"start":{"line":6,"column":15},"end":{"line":6,"column":31}},"5":{"start":{"line":7,"column":4},"end":{"line":13,"column":55}},"6":{"start":{"line":13,"column":20},"end":{"line":13,"column":54}}},"fnMap":{"0":{"name":"(anonymous_0)","decl":{"start":{"line":5,"column":17},"end":{"line":5,"column":18}},"loc":{"start":{"line":5,"column":29},"end":{"line":14,"column":1}},"line":5},"1":{"name":"(anonymous_1)","decl":{"start":{"line":13,"column":14},"end":{"line":13,"column":15}},"loc":{"start":{"line":13,"column":20},"end":{"line":13,"column":54}},"line":13}},"branchMap":{},"s":{"0":1,"1":1,"2":1,"3":1,"4":1,"5":1,"6":1},"f":{"0":1,"1":1},"b":{},"_coverageSchema":"43e27e138ebf9cfc5966b082cf9a028302ed4184","hash":"d1d4785e40f341febd3d841651b9cc083d0b8980"}
,"/home/mith/Documents/vidly/startup/routes.js": {"path":"/home/mith/Documents/vidly/startup/routes.js","statementMap":{"0":{"start":{"line":1,"column":16},"end":{"line":1,"column":34}},"1":{"start":{"line":2,"column":15},"end":{"line":2,"column":42}},"2":{"start":{"line":3,"column":18},"end":{"line":3,"column":48}},"3":{"start":{"line":4,"column":15},"end":{"line":4,"column":42}},"4":{"start":{"line":5,"column":16},"end":{"line":5,"column":44}},"5":{"start":{"line":6,"column":14},"end":{"line":6,"column":40}},"6":{"start":{"line":7,"column":13},"end":{"line":7,"column":38}},"7":{"start":{"line":8,"column":14},"end":{"line":8,"column":44}},"8":{"start":{"line":11,"column":0},"end":{"line":21,"column":1}},"9":{"start":{"line":12,"column":4},"end":{"line":12,"column":28}},"10":{"start":{"line":13,"column":4},"end":{"line":13,"column":35}},"11":{"start":{"line":14,"column":4},"end":{"line":14,"column":40}},"12":{"start":{"line":15,"column":4},"end":{"line":15,"column":35}},"13":{"start":{"line":16,"column":4},"end":{"line":16,"column":37}},"14":{"start":{"line":17,"column":4},"end":{"line":17,"column":33}},"15":{"start":{"line":18,"column":4},"end":{"line":18,"column":31}},"16":{"start":{"line":20,"column":4},"end":{"line":20,"column":19}}},"fnMap":{"0":{"name":"(anonymous_0)","decl":{"start":{"line":11,"column":17},"end":{"line":11,"column":18}},"loc":{"start":{"line":11,"column":32},"end":{"line":21,"column":1}},"line":11}},"branchMap":{},"s":{"0":1,"1":1,"2":1,"3":1,"4":1,"5":1,"6":1,"7":1,"8":1,"9":1,"10":1,"11":1,"12":1,"13":1,"14":1,"15":1,"16":1},"f":{"0":1},"b":{},"_coverageSchema":"43e27e138ebf9cfc5966b082cf9a028302ed4184","hash":"6e42a1dda4122e174bbace3118bb566160e47c7c"}
,"/home/mith/Documents/vidly/startup/validation.js": {"path":"/home/mith/Documents/vidly/startup/validation.js","statementMap":{"0":{"start":{"line":1,"column":12},"end":{"line":1,"column":26}},"1":{"start":{"line":3,"column":0},"end":{"line":5,"column":1}},"2":{"start":{"line":4,"column":4},"end":{"line":4,"column":47}}},"fnMap":{"0":{"name":"(anonymous_0)","decl":{"start":{"line":3,"column":17},"end":{"line":3,"column":18}},"loc":{"start":{"line":3,"column":29},"end":{"line":5,"column":1}},"line":3}},"branchMap":{},"s":{"0":1,"1":1,"2":1},"f":{"0":1},"b":{},"_coverageSchema":"43e27e138ebf9cfc5966b082cf9a028302ed4184","hash":"96cd9941c3db0fd8833f765172310a70547f1086"}
}
